<?xml version="1.0" encoding="UTF-8"?>
<!-- Generated by org.testng.reporters.JUnitXMLReporter -->
<testsuite ignored="0" hostname="DESKTOP-SKDRLNI" failures="0" tests="6" name="Test" time="0.033" errors="0" timestamp="2022-08-07T18:22:18 CEST">
  <testcase classname="qacilckaacademy.RESTAPITest" name="IOSApps" time="0.005"/>
  <testcase classname="qacilckaacademy.RESTAPITest" name="NativeAppAnroid" time="0.0"/>
  <testcase classname="qacilckaacademy.SeleniumTest" name="BrowserAutomation" time="0.0"/>
  <testcase classname="qacilckaacademy.SeleniumTest" name="elementsUI" time="0.0"/>
  <testcase classname="qacilckaacademy.AppiumTest" name="PostJira" time="0.0"/>
  <testcase classname="qacilckaacademy.AppiumTest" name="deleteTvitter" time="0.0"/>
</testsuite> <!-- Test -->
